<?xml version="1.0" encoding="UTF-8"?>
<testsuite name="com.retailer.springboot.ShopControllerTest" tests="2" skipped="0" failures="0" errors="0" timestamp="2017-07-17T17:22:14" hostname="Sagar-PC" time="0.53">
  <properties/>
  <testcase name="aCarGoesIntoTheGarage" classname="com.retailer.springboot.ShopControllerTest" time="0.452"/>
  <testcase name="retrieveDetailsForShop" classname="com.retailer.springboot.ShopControllerTest" time="0.078"/>
  <system-out><![CDATA[22:52:04.044 [Test worker] DEBUG org.springframework.test.context.junit4.SpringJUnit4ClassRunner - SpringJUnit4ClassRunner constructor called with [class com.retailer.springboot.ShopControllerTest]
22:52:04.060 [Test worker] DEBUG org.springframework.test.context.BootstrapUtils - Instantiating CacheAwareContextLoaderDelegate from class [org.springframework.test.context.cache.DefaultCacheAwareContextLoaderDelegate]
22:52:04.091 [Test worker] DEBUG org.springframework.test.context.BootstrapUtils - Instantiating BootstrapContext using constructor [public org.springframework.test.context.support.DefaultBootstrapContext(java.lang.Class,org.springframework.test.context.CacheAwareContextLoaderDelegate)]
22:52:04.138 [Test worker] DEBUG org.springframework.test.context.BootstrapUtils - Instantiating TestContextBootstrapper for test class [com.retailer.springboot.ShopControllerTest] from class [org.springframework.boot.test.autoconfigure.web.servlet.WebMvcTestContextBootstrapper]
22:52:04.263 [Test worker] INFO org.springframework.boot.test.autoconfigure.web.servlet.WebMvcTestContextBootstrapper - Neither @ContextConfiguration nor @ContextHierarchy found for test class [com.retailer.springboot.ShopControllerTest], using SpringBootContextLoader
22:52:04.278 [Test worker] DEBUG org.springframework.test.context.support.AbstractContextLoader - Did not detect default resource location for test class [com.retailer.springboot.ShopControllerTest]: class path resource [com/retailer/springboot/ShopControllerTest-context.xml] does not exist
22:52:04.278 [Test worker] DEBUG org.springframework.test.context.support.AbstractContextLoader - Did not detect default resource location for test class [com.retailer.springboot.ShopControllerTest]: class path resource [com/retailer/springboot/ShopControllerTestContext.groovy] does not exist
22:52:04.278 [Test worker] INFO org.springframework.test.context.support.AbstractContextLoader - Could not detect default resource locations for test class [com.retailer.springboot.ShopControllerTest]: no resource found for suffixes {-context.xml, Context.groovy}.
22:52:04.278 [Test worker] INFO org.springframework.test.context.support.AnnotationConfigContextLoaderUtils - Could not detect default configuration classes for test class [com.retailer.springboot.ShopControllerTest]: ShopControllerTest does not declare any static, non-private, non-final, nested classes annotated with @Configuration.
22:52:04.425 [Test worker] DEBUG org.springframework.test.context.support.ActiveProfilesUtils - Could not find an 'annotation declaring class' for annotation type [org.springframework.test.context.ActiveProfiles] and class [com.retailer.springboot.ShopControllerTest]
22:52:04.456 [Test worker] DEBUG org.springframework.core.env.StandardEnvironment - Adding [systemProperties] PropertySource with lowest search precedence
22:52:04.456 [Test worker] DEBUG org.springframework.core.env.StandardEnvironment - Adding [systemEnvironment] PropertySource with lowest search precedence
22:52:04.456 [Test worker] DEBUG org.springframework.core.env.StandardEnvironment - Initialized StandardEnvironment with PropertySources [systemProperties,systemEnvironment]
22:52:04.487 [Test worker] DEBUG org.springframework.core.io.support.PathMatchingResourcePatternResolver - Resolved classpath location [com/retailer/springboot/] to resources [URL [file:/D:/MyProj/IntialProjCommit/SpringBootRestApiExample/build/classes/test/com/retailer/springboot/], URL [file:/D:/MyProj/IntialProjCommit/SpringBootRestApiExample/build/classes/main/com/retailer/springboot/]]
22:52:04.487 [Test worker] DEBUG org.springframework.core.io.support.PathMatchingResourcePatternResolver - Looking for matching resources in directory tree [D:\MyProj\IntialProjCommit\SpringBootRestApiExample\build\classes\test\com\retailer\springboot]
22:52:04.487 [Test worker] DEBUG org.springframework.core.io.support.PathMatchingResourcePatternResolver - Searching directory [D:\MyProj\IntialProjCommit\SpringBootRestApiExample\build\classes\test\com\retailer\springboot] for files matching pattern [D:/MyProj/IntialProjCommit/SpringBootRestApiExample/build/classes/test/com/retailer/springboot/*.class]
22:52:04.487 [Test worker] DEBUG org.springframework.core.io.support.PathMatchingResourcePatternResolver - Looking for matching resources in directory tree [D:\MyProj\IntialProjCommit\SpringBootRestApiExample\build\classes\main\com\retailer\springboot]
22:52:04.487 [Test worker] DEBUG org.springframework.core.io.support.PathMatchingResourcePatternResolver - Searching directory [D:\MyProj\IntialProjCommit\SpringBootRestApiExample\build\classes\main\com\retailer\springboot] for files matching pattern [D:/MyProj/IntialProjCommit/SpringBootRestApiExample/build/classes/main/com/retailer/springboot/*.class]
22:52:04.503 [Test worker] DEBUG org.springframework.core.io.support.PathMatchingResourcePatternResolver - Resolved location pattern [classpath*:com/retailer/springboot/*.class] to resources [file [D:\MyProj\IntialProjCommit\SpringBootRestApiExample\build\classes\test\com\retailer\springboot\ShopControllerTest.class], file [D:\MyProj\IntialProjCommit\SpringBootRestApiExample\build\classes\test\com\retailer\springboot\SpringBootRestTestClient.class], file [D:\MyProj\IntialProjCommit\SpringBootRestApiExample\build\classes\main\com\retailer\springboot\SpringBootRestApiApp.class]]
22:52:04.591 [Test worker] DEBUG org.springframework.context.annotation.ClassPathScanningCandidateComponentProvider - Identified candidate component class: file [D:\MyProj\IntialProjCommit\SpringBootRestApiExample\build\classes\main\com\retailer\springboot\SpringBootRestApiApp.class]
22:52:04.591 [Test worker] INFO org.springframework.boot.test.context.SpringBootTestContextBootstrapper - Found @SpringBootConfiguration com.retailer.springboot.SpringBootRestApiApp for test class com.retailer.springboot.ShopControllerTest
22:52:04.591 [Test worker] DEBUG org.springframework.boot.test.autoconfigure.web.servlet.WebMvcTestContextBootstrapper - @TestExecutionListeners is not present for class [com.retailer.springboot.ShopControllerTest]: using defaults.
22:52:04.607 [Test worker] INFO org.springframework.boot.test.autoconfigure.web.servlet.WebMvcTestContextBootstrapper - Loaded default TestExecutionListener class names from location [META-INF/spring.factories]: [org.springframework.boot.test.mock.mockito.MockitoTestExecutionListener, org.springframework.boot.test.mock.mockito.ResetMocksTestExecutionListener, org.springframework.boot.test.autoconfigure.restdocs.RestDocsTestExecutionListener, org.springframework.boot.test.autoconfigure.web.client.MockRestServiceServerResetTestExecutionListener, org.springframework.boot.test.autoconfigure.web.servlet.MockMvcPrintOnlyOnFailureTestExecutionListener, org.springframework.boot.test.autoconfigure.web.servlet.WebDriverTestExecutionListener, org.springframework.test.context.web.ServletTestExecutionListener, org.springframework.test.context.support.DirtiesContextBeforeModesTestExecutionListener, org.springframework.test.context.support.DependencyInjectionTestExecutionListener, org.springframework.test.context.support.DirtiesContextTestExecutionListener, org.springframework.test.context.transaction.TransactionalTestExecutionListener, org.springframework.test.context.jdbc.SqlScriptsTestExecutionListener]
22:52:04.731 [Test worker] INFO org.springframework.boot.test.autoconfigure.web.servlet.WebMvcTestContextBootstrapper - Using TestExecutionListeners: [org.springframework.test.context.web.ServletTestExecutionListener@11ba48c9, org.springframework.test.context.support.DirtiesContextBeforeModesTestExecutionListener@2c6972c3, org.springframework.boot.test.autoconfigure.SpringBootDependencyInjectionTestExecutionListener@415c6bb9, org.springframework.test.context.support.DirtiesContextTestExecutionListener@3c945c78, org.springframework.test.context.transaction.TransactionalTestExecutionListener@7fabb723, org.springframework.test.context.jdbc.SqlScriptsTestExecutionListener@18332d7f, org.springframework.boot.test.autoconfigure.web.servlet.WebDriverTestExecutionListener@3a108c63, org.springframework.boot.test.mock.mockito.MockitoTestExecutionListener@247960c5, org.springframework.boot.test.autoconfigure.web.servlet.MockMvcPrintOnlyOnFailureTestExecutionListener@649d9c6, org.springframework.boot.test.autoconfigure.restdocs.RestDocsTestExecutionListener@79054a5, org.springframework.boot.test.autoconfigure.web.client.MockRestServiceServerResetTestExecutionListener@395da3a0, org.springframework.boot.test.mock.mockito.ResetMocksTestExecutionListener@56cd9306]
22:52:04.731 [Test worker] DEBUG org.springframework.test.annotation.ProfileValueUtils - Retrieved @ProfileValueSourceConfiguration [null] for test class [com.retailer.springboot.ShopControllerTest]
22:52:04.747 [Test worker] DEBUG org.springframework.test.annotation.ProfileValueUtils - Retrieved ProfileValueSource type [class org.springframework.test.annotation.SystemProfileValueSource] for class [com.retailer.springboot.ShopControllerTest]
22:52:04.763 [Test worker] DEBUG org.springframework.test.annotation.ProfileValueUtils - Retrieved @ProfileValueSourceConfiguration [null] for test class [com.retailer.springboot.ShopControllerTest]
22:52:04.763 [Test worker] DEBUG org.springframework.test.annotation.ProfileValueUtils - Retrieved ProfileValueSource type [class org.springframework.test.annotation.SystemProfileValueSource] for class [com.retailer.springboot.ShopControllerTest]
22:52:04.763 [Test worker] DEBUG org.springframework.test.context.support.AbstractDirtiesContextTestExecutionListener - Before test class: context [DefaultTestContext@3716bed4 testClass = ShopControllerTest, testInstance = [null], testMethod = [null], testException = [null], mergedContextConfiguration = [WebMergedContextConfiguration@6dabfbc2 testClass = ShopControllerTest, locations = '{}', classes = '{class com.retailer.springboot.SpringBootRestApiApp}', contextInitializerClasses = '[]', activeProfiles = '{}', propertySourceLocations = '{}', propertySourceProperties = '{org.springframework.boot.test.autoconfigure.web.servlet.WebMvcTestContextBootstrapper=true}', contextCustomizers = set[org.springframework.boot.test.context.ImportsContextCustomizer@4f5c30cb, org.springframework.boot.test.context.filter.ExcludeFilterContextCustomizer@28ae882d, org.springframework.boot.test.mock.mockito.MockitoContextCustomizer@dbf1af4, org.springframework.boot.test.autoconfigure.OverrideAutoConfigurationContextCustomizerFactory$DisableAutoConfigurationContextCustomizer@1a635630, org.springframework.boot.test.autoconfigure.filter.TypeExcludeFiltersContextCustomizer@799cecfb, org.springframework.boot.test.autoconfigure.properties.PropertyMappingContextCustomizer@d98e885f, org.springframework.boot.test.autoconfigure.web.servlet.WebDriverContextCustomizerFactory$Customizer@14f589d4], resourceBasePath = '', contextLoader = 'org.springframework.boot.test.context.SpringBootContextLoader', parent = [null]]], class annotated with @DirtiesContext [false] with mode [null].
22:52:04.763 [Test worker] DEBUG org.springframework.test.annotation.ProfileValueUtils - Retrieved @ProfileValueSourceConfiguration [null] for test class [com.retailer.springboot.ShopControllerTest]
22:52:04.778 [Test worker] DEBUG org.springframework.test.annotation.ProfileValueUtils - Retrieved ProfileValueSource type [class org.springframework.test.annotation.SystemProfileValueSource] for class [com.retailer.springboot.ShopControllerTest]
22:52:04.778 [Test worker] DEBUG org.springframework.test.context.support.DependencyInjectionTestExecutionListener - Performing dependency injection for test context [[DefaultTestContext@3716bed4 testClass = ShopControllerTest, testInstance = com.retailer.springboot.ShopControllerTest@1826fa17, testMethod = [null], testException = [null], mergedContextConfiguration = [WebMergedContextConfiguration@6dabfbc2 testClass = ShopControllerTest, locations = '{}', classes = '{class com.retailer.springboot.SpringBootRestApiApp}', contextInitializerClasses = '[]', activeProfiles = '{}', propertySourceLocations = '{}', propertySourceProperties = '{org.springframework.boot.test.autoconfigure.web.servlet.WebMvcTestContextBootstrapper=true}', contextCustomizers = set[org.springframework.boot.test.context.ImportsContextCustomizer@4f5c30cb, org.springframework.boot.test.context.filter.ExcludeFilterContextCustomizer@28ae882d, org.springframework.boot.test.mock.mockito.MockitoContextCustomizer@dbf1af4, org.springframework.boot.test.autoconfigure.OverrideAutoConfigurationContextCustomizerFactory$DisableAutoConfigurationContextCustomizer@1a635630, org.springframework.boot.test.autoconfigure.filter.TypeExcludeFiltersContextCustomizer@799cecfb, org.springframework.boot.test.autoconfigure.properties.PropertyMappingContextCustomizer@d98e885f, org.springframework.boot.test.autoconfigure.web.servlet.WebDriverContextCustomizerFactory$Customizer@14f589d4], resourceBasePath = '', contextLoader = 'org.springframework.boot.test.context.SpringBootContextLoader', parent = [null]]]].
22:52:05.106 [Test worker] DEBUG org.springframework.core.env.StandardEnvironment - Adding [systemProperties] PropertySource with lowest search precedence
22:52:05.106 [Test worker] DEBUG org.springframework.core.env.StandardEnvironment - Adding [systemEnvironment] PropertySource with lowest search precedence
22:52:05.106 [Test worker] DEBUG org.springframework.core.env.StandardEnvironment - Initialized StandardEnvironment with PropertySources [systemProperties,systemEnvironment]
22:52:05.106 [Test worker] DEBUG org.springframework.test.context.support.TestPropertySourceUtils - Adding inlined properties to environment: {spring.jmx.enabled=false, org.springframework.boot.test.autoconfigure.web.servlet.WebMvcTestContextBootstrapper=true, server.port=-1}
22:52:05.106 [Test worker] DEBUG org.springframework.core.env.StandardEnvironment - Adding [Inlined Test Properties] PropertySource with highest search precedence

  .   ____          _            __ _ _
 /\\ / ___'_ __ _ _(_)_ __  __ _ \ \ \ \
( ( )\___ | '_ | '_| | '_ \/ _` | \ \ \ \
 \\/  ___)| |_)| | | | | || (_| |  ) ) ) )
  '  |____| .__|_| |_|_| |_\__, | / / / /
 =========|_|==============|___/=/_/_/_/
 :: Spring Boot ::        (v1.4.3.RELEASE)

2017-07-17 22:52:06 - Starting ShopControllerTest on Sagar-PC with PID 2624 (started by Sagar in D:\MyProj\IntialProjCommit\SpringBootRestApiExample)
2017-07-17 22:52:06 - No active profile set, falling back to default profiles: default
2017-07-17 22:52:08 - Refreshing org.springframework.web.context.support.GenericWebApplicationContext@4d877cc6: startup date [Mon Jul 17 22:52:08 IST 2017]; root of context hierarchy
2017-07-17 22:52:10 - JSR-330 'javax.inject.Inject' annotation found and supported for autowiring
2017-07-17 22:52:11 - Looking for @ControllerAdvice: org.springframework.web.context.support.GenericWebApplicationContext@4d877cc6: startup date [Mon Jul 17 22:52:08 IST 2017]; root of context hierarchy
2017-07-17 22:52:12 - Mapped "{[/api/all],methods=[GET]}" onto public java.lang.Iterable<com.retailer.springboot.model.Shop> com.retailer.springboot.controller.ShopController.getAllUsers()
2017-07-17 22:52:12 - Mapped "{[/api/shops],methods=[POST]}" onto public java.lang.String com.retailer.springboot.controller.ShopController.createShop(com.retailer.springboot.model.Shop)
2017-07-17 22:52:12 - Mapped "{[/api/getshopsnearkm/],methods=[POST]}" onto public java.lang.String com.retailer.springboot.controller.ShopController.nearByShops(com.retailer.springboot.util.LatLng)
2017-07-17 22:52:12 - Mapped "{[/api/getshopsnearby],methods=[POST]}" onto public java.lang.String com.retailer.springboot.controller.ShopController.nearByShopsForUser(com.retailer.springboot.util.LatLng)
2017-07-17 22:52:12 - Mapped URL path [/webjars/**] onto handler of type [class org.springframework.web.servlet.resource.ResourceHttpRequestHandler]
2017-07-17 22:52:12 - Mapped URL path [/**] onto handler of type [class org.springframework.web.servlet.resource.ResourceHttpRequestHandler]
2017-07-17 22:52:12 - Mapped URL path [/**/favicon.ico] onto handler of type [class org.springframework.web.servlet.resource.ResourceHttpRequestHandler]
2017-07-17 22:52:14 - Initializing Spring FrameworkServlet ''
2017-07-17 22:52:14 - FrameworkServlet '': initialization started
2017-07-17 22:52:14 - FrameworkServlet '': initialization completed in 32 ms
2017-07-17 22:52:14 - Started ShopControllerTest in 9.247 seconds (JVM running for 12.352)
2017-07-17 22:52:14 - Initializing Spring FrameworkServlet ''
2017-07-17 22:52:14 - FrameworkServlet '': initialization started
2017-07-17 22:52:14 - FrameworkServlet '': initialization completed in 0 ms
Befor
2017-07-17 22:52:14 - Mapped "{[/api/all],methods=[GET]}" onto public java.lang.Iterable<com.retailer.springboot.model.Shop> com.retailer.springboot.controller.ShopController.getAllUsers()
2017-07-17 22:52:14 - Mapped "{[/api/shops],methods=[POST]}" onto public java.lang.String com.retailer.springboot.controller.ShopController.createShop(com.retailer.springboot.model.Shop)
2017-07-17 22:52:14 - Mapped "{[/api/getshopsnearkm/],methods=[POST]}" onto public java.lang.String com.retailer.springboot.controller.ShopController.nearByShops(com.retailer.springboot.util.LatLng)
2017-07-17 22:52:14 - Mapped "{[/api/getshopsnearby],methods=[POST]}" onto public java.lang.String com.retailer.springboot.controller.ShopController.nearByShopsForUser(com.retailer.springboot.util.LatLng)
2017-07-17 22:52:14 - Looking for @ControllerAdvice: org.springframework.test.web.servlet.setup.StubWebApplicationContext@60652064
2017-07-17 22:52:14 - Initializing Spring FrameworkServlet ''
2017-07-17 22:52:14 - FrameworkServlet '': initialization started
2017-07-17 22:52:14 - FrameworkServlet '': initialization completed in 0 ms
{
  "shopName" : "shopOne",
  "address" : null,
  "latitude" : null,
  "longitude" : null,
  "postCode" : "411021",
  "distance" : null
}

200
[{"shopName":"shopOne","address":null,"latitude":1.0,"longitude":1.0,"postCode":"411021","distance":null}]
shopOne
2017-07-17 22:52:14 - Initializing Spring FrameworkServlet ''
2017-07-17 22:52:14 - FrameworkServlet '': initialization started
2017-07-17 22:52:14 - FrameworkServlet '': initialization completed in 0 ms
Befor
2017-07-17 22:52:14 - Mapped "{[/api/all],methods=[GET]}" onto public java.lang.Iterable<com.retailer.springboot.model.Shop> com.retailer.springboot.controller.ShopController.getAllUsers()
2017-07-17 22:52:14 - Mapped "{[/api/shops],methods=[POST]}" onto public java.lang.String com.retailer.springboot.controller.ShopController.createShop(com.retailer.springboot.model.Shop)
2017-07-17 22:52:14 - Mapped "{[/api/getshopsnearkm/],methods=[POST]}" onto public java.lang.String com.retailer.springboot.controller.ShopController.nearByShops(com.retailer.springboot.util.LatLng)
2017-07-17 22:52:14 - Mapped "{[/api/getshopsnearby],methods=[POST]}" onto public java.lang.String com.retailer.springboot.controller.ShopController.nearByShopsForUser(com.retailer.springboot.util.LatLng)
2017-07-17 22:52:14 - Looking for @ControllerAdvice: org.springframework.test.web.servlet.setup.StubWebApplicationContext@3f839ec5
2017-07-17 22:52:14 - Initializing Spring FrameworkServlet ''
2017-07-17 22:52:14 - FrameworkServlet '': initialization started
2017-07-17 22:52:14 - FrameworkServlet '': initialization completed in 0 ms
org.springframework.mock.web.MockHttpServletResponse@709d1a9f
[{"shopName":"shopOne","address":"Pune","latitude":1.0,"longitude":1.0,"postCode":"411021","distance":null}]
[{"shopName":"shopOne","address":"Pune","latitude":1.0,"longitude":1.0,"postCode":"411021","distance":null}]
true
]]></system-out>
  <system-err><![CDATA[]]></system-err>
</testsuite>
